Java HotSpot(TM) 64-Bit Server VM warning: ignoring option MaxPermSize=512m; support was removed in 8.0
[INFO] Scanning for projects...
[INFO]                                                                         
[INFO] ------------------------------------------------------------------------
[INFO] Building Spring Boot Data JPA Sample 1.3.2.BUILD-SNAPSHOT
[INFO] ------------------------------------------------------------------------
[INFO] 
[INFO] --- maven-resources-plugin:2.6:resources (default-resources) @ spring-boot-sample-data-jpa ---
[INFO] Using 'UTF-8' encoding to copy filtered resources.
[INFO] Copying 1 resource
[INFO] Copying 1 resource
[INFO] 
[INFO] --- maven-compiler-plugin:3.1:compile (default-compile) @ spring-boot-sample-data-jpa ---
[INFO] Changes detected - recompiling the module!
[INFO] Compiling 19 source files to /media/truecrypt1/Projects/spring-boot/spring-boot-samples/spring-boot-sample-data-jpa/target/classes
[INFO] 
[INFO] --- maven-resources-plugin:2.6:testResources (default-testResources) @ spring-boot-sample-data-jpa ---
[INFO] Using 'UTF-8' encoding to copy filtered resources.
[INFO] Copying 1 resource
[INFO] 
[INFO] --- maven-compiler-plugin:3.1:testCompile (default-testCompile) @ spring-boot-sample-data-jpa ---
[INFO] Changes detected - recompiling the module!
[INFO] Compiling 3 source files to /media/truecrypt1/Projects/spring-boot/spring-boot-samples/spring-boot-sample-data-jpa/target/test-classes
[INFO] 
[INFO] --- maven-surefire-plugin:2.18.1:test (default-test) @ spring-boot-sample-data-jpa ---
[INFO] Surefire report directory: /media/truecrypt1/Projects/spring-boot/spring-boot-samples/spring-boot-sample-data-jpa/target/surefire-reports

-------------------------------------------------------
 T E S T S
-------------------------------------------------------
10:51:27.838 [main] DEBUG o.s.t.c.j.SpringJUnit4ClassRunner - SpringJUnit4ClassRunner constructor called with [class sample.data.jpa.service.HotelRepositoryIntegrationTests]
10:51:27.842 [main] DEBUG o.s.test.context.BootstrapUtils - Instantiating CacheAwareContextLoaderDelegate from class [org.springframework.test.context.cache.DefaultCacheAwareContextLoaderDelegate]
10:51:27.844 [main] DEBUG o.s.test.context.BootstrapUtils - Instantiating BootstrapContext using constructor [public org.springframework.test.context.support.DefaultBootstrapContext(java.lang.Class,org.springframework.test.context.CacheAwareContextLoaderDelegate)]
10:51:27.850 [main] DEBUG o.s.test.context.BootstrapUtils - Instantiating TestContextBootstrapper for test class [sample.data.jpa.service.HotelRepositoryIntegrationTests] from class [org.springframework.test.context.support.DefaultTestContextBootstrapper]
10:51:27.866 [main] DEBUG o.s.t.c.s.DefaultTestContextBootstrapper - Found explicit ContextLoader class [org.springframework.boot.test.SpringApplicationContextLoader] for context configuration attributes [ContextConfigurationAttributes@6d7b4f4c declaringClass = 'sample.data.jpa.service.HotelRepositoryIntegrationTests', classes = '{class sample.data.jpa.SampleDataJpaApplication}', locations = '{}', inheritLocations = true, initializers = '{}', inheritInitializers = true, name = [null], contextLoaderClass = 'org.springframework.boot.test.SpringApplicationContextLoader']
10:51:27.871 [main] DEBUG o.s.t.c.s.AbstractContextLoader - Did not detect default resource location for test class [sample.data.jpa.service.HotelRepositoryIntegrationTests]: class path resource [sample/data/jpa/service/HotelRepositoryIntegrationTests-context.xml] does not exist
10:51:27.871 [main] DEBUG o.s.t.c.s.AbstractContextLoader - Did not detect default resource location for test class [sample.data.jpa.service.HotelRepositoryIntegrationTests]: class path resource [sample/data/jpa/service/HotelRepositoryIntegrationTestsContext.groovy] does not exist
10:51:27.871 [main] INFO  o.s.t.c.s.AbstractContextLoader - Could not detect default resource locations for test class [sample.data.jpa.service.HotelRepositoryIntegrationTests]: no resource found for suffixes {-context.xml, Context.groovy}.
10:51:27.873 [main] DEBUG o.s.t.c.support.ActiveProfilesUtils - Could not find an 'annotation declaring class' for annotation type [org.springframework.test.context.ActiveProfiles] and class [sample.data.jpa.service.HotelRepositoryIntegrationTests]
10:51:27.876 [main] DEBUG o.s.t.c.s.DefaultTestContextBootstrapper - @TestExecutionListeners is not present for class [sample.data.jpa.service.HotelRepositoryIntegrationTests]: using defaults.
10:51:27.881 [main] INFO  o.s.t.c.s.DefaultTestContextBootstrapper - Loaded default TestExecutionListener class names from location [META-INF/spring.factories]: [org.springframework.test.context.web.ServletTestExecutionListener, org.springframework.test.context.support.DirtiesContextBeforeModesTestExecutionListener, org.springframework.test.context.support.DependencyInjectionTestExecutionListener, org.springframework.test.context.support.DirtiesContextTestExecutionListener, org.springframework.test.context.transaction.TransactionalTestExecutionListener, org.springframework.test.context.jdbc.SqlScriptsTestExecutionListener]
10:51:27.891 [main] INFO  o.s.t.c.s.DefaultTestContextBootstrapper - Using TestExecutionListeners: [org.springframework.test.context.web.ServletTestExecutionListener@6f195bc3, org.springframework.test.context.support.DirtiesContextBeforeModesTestExecutionListener@51e2adc7, org.springframework.test.context.support.DependencyInjectionTestExecutionListener@1a8a8f7c, org.springframework.test.context.support.DirtiesContextTestExecutionListener@2353b3e6, org.springframework.test.context.transaction.TransactionalTestExecutionListener@631330c, org.springframework.test.context.jdbc.SqlScriptsTestExecutionListener@42f93a98]
10:51:27.892 [main] DEBUG o.s.t.c.j.SpringJUnit4ClassRunner - SpringJUnit4ClassRunner constructor called with [class sample.data.jpa.service.CityRepositoryIntegrationTests]
10:51:27.892 [main] DEBUG o.s.test.context.BootstrapUtils - Instantiating CacheAwareContextLoaderDelegate from class [org.springframework.test.context.cache.DefaultCacheAwareContextLoaderDelegate]
10:51:27.892 [main] DEBUG o.s.test.context.BootstrapUtils - Instantiating BootstrapContext using constructor [public org.springframework.test.context.support.DefaultBootstrapContext(java.lang.Class,org.springframework.test.context.CacheAwareContextLoaderDelegate)]
10:51:27.892 [main] DEBUG o.s.test.context.BootstrapUtils - Instantiating TestContextBootstrapper for test class [sample.data.jpa.service.CityRepositoryIntegrationTests] from class [org.springframework.test.context.support.DefaultTestContextBootstrapper]
10:51:27.894 [main] DEBUG o.s.t.c.s.DefaultTestContextBootstrapper - Found explicit ContextLoader class [org.springframework.boot.test.SpringApplicationContextLoader] for context configuration attributes [ContextConfigurationAttributes@3234e239 declaringClass = 'sample.data.jpa.service.CityRepositoryIntegrationTests', classes = '{class sample.data.jpa.SampleDataJpaApplication}', locations = '{}', inheritLocations = true, initializers = '{}', inheritInitializers = true, name = [null], contextLoaderClass = 'org.springframework.boot.test.SpringApplicationContextLoader']
10:51:27.894 [main] DEBUG o.s.t.c.s.AbstractContextLoader - Did not detect default resource location for test class [sample.data.jpa.service.CityRepositoryIntegrationTests]: class path resource [sample/data/jpa/service/CityRepositoryIntegrationTests-context.xml] does not exist
10:51:27.894 [main] DEBUG o.s.t.c.s.AbstractContextLoader - Did not detect default resource location for test class [sample.data.jpa.service.CityRepositoryIntegrationTests]: class path resource [sample/data/jpa/service/CityRepositoryIntegrationTestsContext.groovy] does not exist
10:51:27.894 [main] INFO  o.s.t.c.s.AbstractContextLoader - Could not detect default resource locations for test class [sample.data.jpa.service.CityRepositoryIntegrationTests]: no resource found for suffixes {-context.xml, Context.groovy}.
10:51:27.894 [main] DEBUG o.s.t.c.support.ActiveProfilesUtils - Could not find an 'annotation declaring class' for annotation type [org.springframework.test.context.ActiveProfiles] and class [sample.data.jpa.service.CityRepositoryIntegrationTests]
10:51:27.895 [main] DEBUG o.s.t.c.s.DefaultTestContextBootstrapper - @TestExecutionListeners is not present for class [sample.data.jpa.service.CityRepositoryIntegrationTests]: using defaults.
10:51:27.896 [main] INFO  o.s.t.c.s.DefaultTestContextBootstrapper - Loaded default TestExecutionListener class names from location [META-INF/spring.factories]: [org.springframework.test.context.web.ServletTestExecutionListener, org.springframework.test.context.support.DirtiesContextBeforeModesTestExecutionListener, org.springframework.test.context.support.DependencyInjectionTestExecutionListener, org.springframework.test.context.support.DirtiesContextTestExecutionListener, org.springframework.test.context.transaction.TransactionalTestExecutionListener, org.springframework.test.context.jdbc.SqlScriptsTestExecutionListener]
10:51:27.896 [main] INFO  o.s.t.c.s.DefaultTestContextBootstrapper - Using TestExecutionListeners: [org.springframework.test.context.web.ServletTestExecutionListener@587d1d39, org.springframework.test.context.support.DirtiesContextBeforeModesTestExecutionListener@58c1670b, org.springframework.test.context.support.DependencyInjectionTestExecutionListener@6b57696f, org.springframework.test.context.support.DirtiesContextTestExecutionListener@5bb21b69, org.springframework.test.context.transaction.TransactionalTestExecutionListener@6b9651f3, org.springframework.test.context.jdbc.SqlScriptsTestExecutionListener@38bc8ab5]
10:51:27.899 [main] DEBUG o.s.t.c.j.SpringJUnit4ClassRunner - SpringJUnit4ClassRunner constructor called with [class sample.data.jpa.SampleDataJpaApplicationTests]
10:51:27.899 [main] DEBUG o.s.test.context.BootstrapUtils - Instantiating CacheAwareContextLoaderDelegate from class [org.springframework.test.context.cache.DefaultCacheAwareContextLoaderDelegate]
10:51:27.899 [main] DEBUG o.s.test.context.BootstrapUtils - Instantiating BootstrapContext using constructor [public org.springframework.test.context.support.DefaultBootstrapContext(java.lang.Class,org.springframework.test.context.CacheAwareContextLoaderDelegate)]
10:51:27.901 [main] DEBUG o.s.test.context.BootstrapUtils - Instantiating TestContextBootstrapper for test class [sample.data.jpa.SampleDataJpaApplicationTests] from class [org.springframework.test.context.web.WebTestContextBootstrapper]
10:51:27.903 [main] DEBUG o.s.t.c.w.WebTestContextBootstrapper - Found explicit ContextLoader class [org.springframework.boot.test.SpringApplicationContextLoader] for context configuration attributes [ContextConfigurationAttributes@cb51256 declaringClass = 'sample.data.jpa.SampleDataJpaApplicationTests', classes = '{class sample.data.jpa.SampleDataJpaApplication}', locations = '{}', inheritLocations = true, initializers = '{}', inheritInitializers = true, name = [null], contextLoaderClass = 'org.springframework.boot.test.SpringApplicationContextLoader']
10:51:27.903 [main] DEBUG o.s.t.c.s.AbstractContextLoader - Did not detect default resource location for test class [sample.data.jpa.SampleDataJpaApplicationTests]: class path resource [sample/data/jpa/SampleDataJpaApplicationTests-context.xml] does not exist
10:51:27.904 [main] DEBUG o.s.t.c.s.AbstractContextLoader - Did not detect default resource location for test class [sample.data.jpa.SampleDataJpaApplicationTests]: class path resource [sample/data/jpa/SampleDataJpaApplicationTestsContext.groovy] does not exist
10:51:27.904 [main] INFO  o.s.t.c.s.AbstractContextLoader - Could not detect default resource locations for test class [sample.data.jpa.SampleDataJpaApplicationTests]: no resource found for suffixes {-context.xml, Context.groovy}.
10:51:27.910 [main] DEBUG o.s.t.c.w.WebTestContextBootstrapper - @TestExecutionListeners is not present for class [sample.data.jpa.SampleDataJpaApplicationTests]: using defaults.
10:51:27.913 [main] INFO  o.s.t.c.w.WebTestContextBootstrapper - Loaded default TestExecutionListener class names from location [META-INF/spring.factories]: [org.springframework.test.context.web.ServletTestExecutionListener, org.springframework.test.context.support.DirtiesContextBeforeModesTestExecutionListener, org.springframework.test.context.support.DependencyInjectionTestExecutionListener, org.springframework.test.context.support.DirtiesContextTestExecutionListener, org.springframework.test.context.transaction.TransactionalTestExecutionListener, org.springframework.test.context.jdbc.SqlScriptsTestExecutionListener]
10:51:27.914 [main] INFO  o.s.t.c.w.WebTestContextBootstrapper - Using TestExecutionListeners: [org.springframework.test.context.web.ServletTestExecutionListener@77ec78b9, org.springframework.test.context.support.DirtiesContextBeforeModesTestExecutionListener@1a3869f4, org.springframework.test.context.support.DependencyInjectionTestExecutionListener@a38d7a3, org.springframework.test.context.support.DirtiesContextTestExecutionListener@77f99a05, org.springframework.test.context.transaction.TransactionalTestExecutionListener@63440df3, org.springframework.test.context.jdbc.SqlScriptsTestExecutionListener@3aeaafa6]
10:51:27.918 [main] DEBUG o.s.t.annotation.ProfileValueUtils - Retrieved @ProfileValueSourceConfiguration [null] for test class [sample.data.jpa.service.HotelRepositoryIntegrationTests]
10:51:27.919 [main] DEBUG o.s.t.annotation.ProfileValueUtils - Retrieved ProfileValueSource type [class org.springframework.test.annotation.SystemProfileValueSource] for class [sample.data.jpa.service.HotelRepositoryIntegrationTests]
10:51:27.920 [main] DEBUG o.s.t.annotation.ProfileValueUtils - Retrieved @ProfileValueSourceConfiguration [null] for test class [sample.data.jpa.service.CityRepositoryIntegrationTests]
10:51:27.920 [main] DEBUG o.s.t.annotation.ProfileValueUtils - Retrieved ProfileValueSource type [class org.springframework.test.annotation.SystemProfileValueSource] for class [sample.data.jpa.service.CityRepositoryIntegrationTests]
10:51:27.921 [main] DEBUG o.s.t.annotation.ProfileValueUtils - Retrieved @ProfileValueSourceConfiguration [null] for test class [sample.data.jpa.SampleDataJpaApplicationTests]
10:51:27.921 [main] DEBUG o.s.t.annotation.ProfileValueUtils - Retrieved ProfileValueSource type [class org.springframework.test.annotation.SystemProfileValueSource] for class [sample.data.jpa.SampleDataJpaApplicationTests]
Running sample.data.jpa.service.HotelRepositoryIntegrationTests
10:51:27.924 [main] DEBUG o.s.t.c.j.SpringJUnit4ClassRunner - SpringJUnit4ClassRunner constructor called with [class sample.data.jpa.service.HotelRepositoryIntegrationTests]
10:51:27.924 [main] DEBUG o.s.test.context.BootstrapUtils - Instantiating CacheAwareContextLoaderDelegate from class [org.springframework.test.context.cache.DefaultCacheAwareContextLoaderDelegate]
10:51:27.924 [main] DEBUG o.s.test.context.BootstrapUtils - Instantiating BootstrapContext using constructor [public org.springframework.test.context.support.DefaultBootstrapContext(java.lang.Class,org.springframework.test.context.CacheAwareContextLoaderDelegate)]
10:51:27.925 [main] DEBUG o.s.test.context.BootstrapUtils - Instantiating TestContextBootstrapper for test class [sample.data.jpa.service.HotelRepositoryIntegrationTests] from class [org.springframework.test.context.support.DefaultTestContextBootstrapper]
10:51:27.929 [main] DEBUG o.s.t.c.s.DefaultTestContextBootstrapper - Found explicit ContextLoader class [org.springframework.boot.test.SpringApplicationContextLoader] for context configuration attributes [ContextConfigurationAttributes@192d3247 declaringClass = 'sample.data.jpa.service.HotelRepositoryIntegrationTests', classes = '{class sample.data.jpa.SampleDataJpaApplication}', locations = '{}', inheritLocations = true, initializers = '{}', inheritInitializers = true, name = [null], contextLoaderClass = 'org.springframework.boot.test.SpringApplicationContextLoader']
10:51:27.930 [main] DEBUG o.s.t.c.s.AbstractContextLoader - Did not detect default resource location for test class [sample.data.jpa.service.HotelRepositoryIntegrationTests]: class path resource [sample/data/jpa/service/HotelRepositoryIntegrationTests-context.xml] does not exist
10:51:27.930 [main] DEBUG o.s.t.c.s.AbstractContextLoader - Did not detect default resource location for test class [sample.data.jpa.service.HotelRepositoryIntegrationTests]: class path resource [sample/data/jpa/service/HotelRepositoryIntegrationTestsContext.groovy] does not exist
10:51:27.930 [main] INFO  o.s.t.c.s.AbstractContextLoader - Could not detect default resource locations for test class [sample.data.jpa.service.HotelRepositoryIntegrationTests]: no resource found for suffixes {-context.xml, Context.groovy}.
10:51:27.930 [main] DEBUG o.s.t.c.support.ActiveProfilesUtils - Could not find an 'annotation declaring class' for annotation type [org.springframework.test.context.ActiveProfiles] and class [sample.data.jpa.service.HotelRepositoryIntegrationTests]
10:51:27.931 [main] DEBUG o.s.t.c.s.DefaultTestContextBootstrapper - @TestExecutionListeners is not present for class [sample.data.jpa.service.HotelRepositoryIntegrationTests]: using defaults.
10:51:27.932 [main] INFO  o.s.t.c.s.DefaultTestContextBootstrapper - Loaded default TestExecutionListener class names from location [META-INF/spring.factories]: [org.springframework.test.context.web.ServletTestExecutionListener, org.springframework.test.context.support.DirtiesContextBeforeModesTestExecutionListener, org.springframework.test.context.support.DependencyInjectionTestExecutionListener, org.springframework.test.context.support.DirtiesContextTestExecutionListener, org.springframework.test.context.transaction.TransactionalTestExecutionListener, org.springframework.test.context.jdbc.SqlScriptsTestExecutionListener]
10:51:27.933 [main] INFO  o.s.t.c.s.DefaultTestContextBootstrapper - Using TestExecutionListeners: [org.springframework.test.context.web.ServletTestExecutionListener@28ac3dc3, org.springframework.test.context.support.DirtiesContextBeforeModesTestExecutionListener@32eebfca, org.springframework.test.context.support.DependencyInjectionTestExecutionListener@4e718207, org.springframework.test.context.support.DirtiesContextTestExecutionListener@1d371b2d, org.springframework.test.context.transaction.TransactionalTestExecutionListener@543c6f6d, org.springframework.test.context.jdbc.SqlScriptsTestExecutionListener@13eb8acf]
10:51:27.933 [main] DEBUG o.s.t.annotation.ProfileValueUtils - Retrieved @ProfileValueSourceConfiguration [null] for test class [sample.data.jpa.service.HotelRepositoryIntegrationTests]
10:51:27.933 [main] DEBUG o.s.t.annotation.ProfileValueUtils - Retrieved ProfileValueSource type [class org.springframework.test.annotation.SystemProfileValueSource] for class [sample.data.jpa.service.HotelRepositoryIntegrationTests]
10:51:27.934 [main] DEBUG o.s.t.annotation.ProfileValueUtils - Retrieved @ProfileValueSourceConfiguration [null] for test class [sample.data.jpa.service.HotelRepositoryIntegrationTests]
10:51:27.934 [main] DEBUG o.s.t.annotation.ProfileValueUtils - Retrieved ProfileValueSource type [class org.springframework.test.annotation.SystemProfileValueSource] for class [sample.data.jpa.service.HotelRepositoryIntegrationTests]
10:51:27.936 [main] DEBUG o.s.t.c.s.AbstractDirtiesContextTestExecutionListener - Before test class: context [DefaultTestContext@22eeefeb testClass = HotelRepositoryIntegrationTests, testInstance = [null], testMethod = [null], testException = [null], mergedContextConfiguration = [MergedContextConfiguration@17d0685f testClass = HotelRepositoryIntegrationTests, locations = '{}', classes = '{class sample.data.jpa.SampleDataJpaApplication}', contextInitializerClasses = '[]', activeProfiles = '{}', propertySourceLocations = '{}', propertySourceProperties = '{}', contextLoader = 'org.springframework.boot.test.SpringApplicationContextLoader', parent = [null]]], class annotated with @DirtiesContext [false] with mode [null].
10:51:27.936 [main] DEBUG o.s.t.annotation.ProfileValueUtils - Retrieved @ProfileValueSourceConfiguration [null] for test class [sample.data.jpa.service.HotelRepositoryIntegrationTests]
10:51:27.936 [main] DEBUG o.s.t.annotation.ProfileValueUtils - Retrieved ProfileValueSource type [class org.springframework.test.annotation.SystemProfileValueSource] for class [sample.data.jpa.service.HotelRepositoryIntegrationTests]
10:51:27.938 [main] DEBUG o.s.t.c.s.DependencyInjectionTestExecutionListener - Performing dependency injection for test context [[DefaultTestContext@22eeefeb testClass = HotelRepositoryIntegrationTests, testInstance = sample.data.jpa.service.HotelRepositoryIntegrationTests@4fb64261, testMethod = [null], testException = [null], mergedContextConfiguration = [MergedContextConfiguration@17d0685f testClass = HotelRepositoryIntegrationTests, locations = '{}', classes = '{class sample.data.jpa.SampleDataJpaApplication}', contextInitializerClasses = '[]', activeProfiles = '{}', propertySourceLocations = '{}', propertySourceProperties = '{}', contextLoader = 'org.springframework.boot.test.SpringApplicationContextLoader', parent = [null]]]].
10:51:27.995 [main] DEBUG o.s.core.env.StandardEnvironment - Adding [systemProperties] PropertySource with lowest search precedence
10:51:27.996 [main] DEBUG o.s.core.env.StandardEnvironment - Adding [systemEnvironment] PropertySource with lowest search precedence
10:51:27.996 [main] DEBUG o.s.core.env.StandardEnvironment - Initialized StandardEnvironment with PropertySources [systemProperties,systemEnvironment]
10:51:27.998 [main] DEBUG o.s.core.env.StandardEnvironment - Adding [integrationTest] PropertySource with search precedence immediately lower than [systemEnvironment]

  .   ____          _            __ _ _
 /\\ / ___'_ __ _ _(_)_ __  __ _ \ \ \ \
( ( )\___ | '_ | '_| | '_ \/ _` | \ \ \ \
 \\/  ___)| |_)| | | | | || (_| |  ) ) ) )
  '  |____| .__|_| |_|_| |_\__, | / / / /
 =========|_|==============|___/=/_/_/_/
 :: Spring Boot ::  (v1.3.2.BUILD-SNAPSHOT)

2016-01-19 10:51:28.168  INFO 317 --- [           main] s.d.j.s.HotelRepositoryIntegrationTests  : Starting HotelRepositoryIntegrationTests on WKS-000300 with PID 317 (/media/truecrypt1/Projects/spring-boot/spring-boot-samples/spring-boot-sample-data-jpa/target/test-classes started by jebeaudet in /media/truecrypt1/Projects/spring-boot/spring-boot-samples/spring-boot-sample-data-jpa)
2016-01-19 10:51:28.169  INFO 317 --- [           main] s.d.j.s.HotelRepositoryIntegrationTests  : No active profile set, falling back to default profiles: default
2016-01-19 10:51:28.198  INFO 317 --- [           main] s.c.a.AnnotationConfigApplicationContext : Refreshing org.springframework.context.annotation.AnnotationConfigApplicationContext@4ec4f3a0: startup date [Tue Jan 19 10:51:28 EST 2016]; root of context hierarchy
2016-01-19 10:51:29.199  INFO 317 --- [           main] j.LocalContainerEntityManagerFactoryBean : Building JPA container EntityManagerFactory for persistence unit 'default'
2016-01-19 10:51:29.214  INFO 317 --- [           main] o.hibernate.jpa.internal.util.LogHelper  : HHH000204: Processing PersistenceUnitInfo [
	name: default
	...]
2016-01-19 10:51:29.260  INFO 317 --- [           main] org.hibernate.Version                    : HHH000412: Hibernate Core {4.3.11.Final}
2016-01-19 10:51:29.262  INFO 317 --- [           main] org.hibernate.cfg.Environment            : HHH000206: hibernate.properties not found
2016-01-19 10:51:29.264  INFO 317 --- [           main] org.hibernate.cfg.Environment            : HHH000021: Bytecode provider name : javassist
2016-01-19 10:51:29.387  INFO 317 --- [           main] o.hibernate.annotations.common.Version   : HCANN000001: Hibernate Commons Annotations {4.0.5.Final}
2016-01-19 10:51:29.441  INFO 317 --- [           main] org.hibernate.dialect.Dialect            : HHH000400: Using dialect: org.hibernate.dialect.H2Dialect
2016-01-19 10:51:29.543  INFO 317 --- [           main] o.h.h.i.ast.ASTQueryTranslatorFactory    : HHH000397: Using ASTQueryTranslatorFactory
2016-01-19 10:51:29.726  INFO 317 --- [           main] org.hibernate.tool.hbm2ddl.SchemaExport  : HHH000227: Running hbm2ddl schema export
2016-01-19 10:51:29.727 DEBUG 317 --- [           main] org.hibernate.SQL                        : drop table city if exists
2016-01-19 10:51:29.728 DEBUG 317 --- [           main] org.hibernate.SQL                        : drop table hotel if exists
2016-01-19 10:51:29.728 DEBUG 317 --- [           main] org.hibernate.SQL                        : drop table review if exists
2016-01-19 10:51:29.728 DEBUG 317 --- [           main] org.hibernate.SQL                        : create table city (id bigint generated by default as identity, country varchar(255) not null, map varchar(255) not null, name varchar(255) not null, state varchar(255) not null, primary key (id))
2016-01-19 10:51:29.735 DEBUG 317 --- [           main] org.hibernate.SQL                        : create table hotel (id bigint generated by default as identity, address varchar(255) not null, name varchar(255) not null, zip varchar(255) not null, city_id bigint not null, primary key (id))
2016-01-19 10:51:29.736 DEBUG 317 --- [           main] org.hibernate.SQL                        : create table review (id bigint generated by default as identity, check_in_date date not null, details varchar(5000) not null, idx integer not null, rating integer not null, title varchar(255) not null, trip_type integer not null, hotel_id bigint not null, primary key (id))
2016-01-19 10:51:29.737 DEBUG 317 --- [           main] org.hibernate.SQL                        : alter table hotel add constraint UK_i80qjsl99gene06k3t31y3sv5 unique (city_id, name)
2016-01-19 10:51:29.741 DEBUG 317 --- [           main] org.hibernate.SQL                        : alter table hotel add constraint FK_ebnhbgdvramb6y5fnghsy4m5j foreign key (city_id) references city
2016-01-19 10:51:29.746 DEBUG 317 --- [           main] org.hibernate.SQL                        : alter table review add constraint FK_enrfjcbyjqi4im09sicf5if6g foreign key (hotel_id) references hotel
2016-01-19 10:51:29.821  INFO 317 --- [           main] org.hibernate.tool.hbm2ddl.SchemaExport  : HHH000230: Schema export complete
2016-01-19 10:51:30.260  INFO 317 --- [           main] s.d.j.s.HotelRepositoryIntegrationTests  : Started HotelRepositoryIntegrationTests in 2.26 seconds (JVM running for 2.676)
2016-01-19 10:51:30.285 DEBUG 317 --- [           main] org.hibernate.SQL                        : select count(city0_.id) as col_0_0_ from city city0_
2016-01-19 10:51:30.290 DEBUG 317 --- [           main] org.hibernate.SQL                        : select city0_.id as id1_0_, city0_.country as country2_0_, city0_.map as map3_0_, city0_.name as name4_0_, city0_.state as state5_0_ from city city0_ order by city0_.name asc limit ?
2016-01-19 10:51:30.308 DEBUG 317 --- [           main] org.hibernate.SQL                        : select count(hotel0_.id) as col_0_0_ from hotel hotel0_ left outer join review reviews1_ on hotel0_.id=reviews1_.hotel_id where hotel0_.city_id=? group by hotel0_.id
2016-01-19 10:51:30.316 DEBUG 317 --- [           main] org.hibernate.SQL                        : select hotel0_.city_id as col_0_0_, hotel0_.name as col_1_0_, avg(cast(reviews1_.rating as double)) as col_2_0_ from hotel hotel0_ left outer join review reviews1_ on hotel0_.id=reviews1_.hotel_id inner join city city2_ on hotel0_.city_id=city2_.id where hotel0_.city_id=? group by hotel0_.id order by hotel0_.name asc limit ?
2016-01-19 10:51:30.319 DEBUG 317 --- [           main] org.hibernate.SQL                        : select city0_.id as id1_0_0_, city0_.country as country2_0_0_, city0_.map as map3_0_0_, city0_.name as name4_0_0_, city0_.state as state5_0_0_ from city city0_ where city0_.id=?
2016-01-19 10:51:30.330 DEBUG 317 --- [           main] org.hibernate.SQL                        : select hotel0_.id as id1_1_, hotel0_.address as address2_1_, hotel0_.city_id as city_id5_1_, hotel0_.name as name3_1_, hotel0_.zip as zip4_1_ from hotel hotel0_ where hotel0_.city_id=? and hotel0_.name=?
2016-01-19 10:51:30.332 DEBUG 317 --- [           main] org.hibernate.SQL                        : select city0_.id as id1_0_0_, city0_.country as country2_0_0_, city0_.map as map3_0_0_, city0_.name as name4_0_0_, city0_.state as state5_0_0_ from city city0_ where city0_.id=?
2016-01-19 10:51:30.338 DEBUG 317 --- [           main] org.hibernate.SQL                        : select review0_.rating as col_0_0_, count(review0_.id) as col_1_0_ from review review0_ where review0_.hotel_id=? group by review0_.rating order by review0_.rating DESC
Tests run: 1, Failures: 0, Errors: 0, Skipped: 0, Time elapsed: 2.419 sec - in sample.data.jpa.service.HotelRepositoryIntegrationTests
Running sample.data.jpa.service.CityRepositoryIntegrationTests
2016-01-19 10:51:30.343  INFO 317 --- [           main] o.s.t.c.support.AbstractContextLoader    : Could not detect default resource locations for test class [sample.data.jpa.service.CityRepositoryIntegrationTests]: no resource found for suffixes {-context.xml, Context.groovy}.
2016-01-19 10:51:30.345  INFO 317 --- [           main] o.s.t.c.s.DefaultTestContextBootstrapper : Loaded default TestExecutionListener class names from location [META-INF/spring.factories]: [org.springframework.test.context.web.ServletTestExecutionListener, org.springframework.test.context.support.DirtiesContextBeforeModesTestExecutionListener, org.springframework.test.context.support.DependencyInjectionTestExecutionListener, org.springframework.test.context.support.DirtiesContextTestExecutionListener, org.springframework.test.context.transaction.TransactionalTestExecutionListener, org.springframework.test.context.jdbc.SqlScriptsTestExecutionListener]
2016-01-19 10:51:30.345  INFO 317 --- [           main] o.s.t.c.s.DefaultTestContextBootstrapper : Using TestExecutionListeners: [org.springframework.test.context.web.ServletTestExecutionListener@691500ab, org.springframework.test.context.support.DirtiesContextBeforeModesTestExecutionListener@3db432c2, org.springframework.test.context.support.DependencyInjectionTestExecutionListener@34414ffc, org.springframework.test.context.support.DirtiesContextTestExecutionListener@1903b5d, org.springframework.test.context.transaction.TransactionalTestExecutionListener@4041739c, org.springframework.test.context.jdbc.SqlScriptsTestExecutionListener@5cff6b74]
2016-01-19 10:51:30.350 DEBUG 317 --- [           main] org.hibernate.SQL                        : select count(city0_.id) as col_0_0_ from city city0_
2016-01-19 10:51:30.351 DEBUG 317 --- [           main] org.hibernate.SQL                        : select city0_.id as id1_0_, city0_.country as country2_0_, city0_.map as map3_0_, city0_.name as name4_0_, city0_.state as state5_0_ from city city0_ limit ?
Tests run: 1, Failures: 0, Errors: 0, Skipped: 0, Time elapsed: 0.003 sec - in sample.data.jpa.service.CityRepositoryIntegrationTests
Running sample.data.jpa.SampleDataJpaApplicationTests
2016-01-19 10:51:30.355  INFO 317 --- [           main] o.s.t.c.support.AbstractContextLoader    : Could not detect default resource locations for test class [sample.data.jpa.SampleDataJpaApplicationTests]: no resource found for suffixes {-context.xml, Context.groovy}.
2016-01-19 10:51:30.358  INFO 317 --- [           main] o.s.t.c.web.WebTestContextBootstrapper   : Loaded default TestExecutionListener class names from location [META-INF/spring.factories]: [org.springframework.test.context.web.ServletTestExecutionListener, org.springframework.test.context.support.DirtiesContextBeforeModesTestExecutionListener, org.springframework.test.context.support.DependencyInjectionTestExecutionListener, org.springframework.test.context.support.DirtiesContextTestExecutionListener, org.springframework.test.context.transaction.TransactionalTestExecutionListener, org.springframework.test.context.jdbc.SqlScriptsTestExecutionListener]
2016-01-19 10:51:30.359  INFO 317 --- [           main] o.s.t.c.web.WebTestContextBootstrapper   : Using TestExecutionListeners: [org.springframework.test.context.web.ServletTestExecutionListener@2173a742, org.springframework.test.context.support.DirtiesContextBeforeModesTestExecutionListener@706ceca6, org.springframework.test.context.support.DependencyInjectionTestExecutionListener@7f6329cb, org.springframework.test.context.support.DirtiesContextTestExecutionListener@4b8137c5, org.springframework.test.context.transaction.TransactionalTestExecutionListener@77f4c040, org.springframework.test.context.jdbc.SqlScriptsTestExecutionListener@606a1bc4]

  .   ____          _            __ _ _
 /\\ / ___'_ __ _ _(_)_ __  __ _ \ \ \ \
( ( )\___ | '_ | '_| | '_ \/ _` | \ \ \ \
 \\/  ___)| |_)| | | | | || (_| |  ) ) ) )
  '  |____| .__|_| |_|_| |_\__, | / / / /
 =========|_|==============|___/=/_/_/_/
 :: Spring Boot ::  (v1.3.2.BUILD-SNAPSHOT)

2016-01-19 10:51:30.400  INFO 317 --- [           main] s.d.jpa.SampleDataJpaApplicationTests    : Starting SampleDataJpaApplicationTests on WKS-000300 with PID 317 (/media/truecrypt1/Projects/spring-boot/spring-boot-samples/spring-boot-sample-data-jpa/target/test-classes started by jebeaudet in /media/truecrypt1/Projects/spring-boot/spring-boot-samples/spring-boot-sample-data-jpa)
2016-01-19 10:51:30.400  INFO 317 --- [           main] s.d.jpa.SampleDataJpaApplicationTests    : The following profiles are active: scratch
2016-01-19 10:51:30.402  INFO 317 --- [           main] o.s.w.c.s.GenericWebApplicationContext   : Refreshing org.springframework.web.context.support.GenericWebApplicationContext@4130a648: startup date [Tue Jan 19 10:51:30 EST 2016]; root of context hierarchy
2016-01-19 10:51:30.690  INFO 317 --- [           main] o.s.b.f.s.DefaultListableBeanFactory     : Overriding bean definition for bean 'beanNameViewResolver' with a different definition: replacing [Root bean: class [null]; scope=; abstract=false; lazyInit=false; autowireMode=3; dependencyCheck=0; autowireCandidate=true; primary=false; factoryBeanName=org.springframework.boot.autoconfigure.web.ErrorMvcAutoConfiguration$WhitelabelErrorViewConfiguration; factoryMethodName=beanNameViewResolver; initMethodName=null; destroyMethodName=(inferred); defined in class path resource [org/springframework/boot/autoconfigure/web/ErrorMvcAutoConfiguration$WhitelabelErrorViewConfiguration.class]] with [Root bean: class [null]; scope=; abstract=false; lazyInit=false; autowireMode=3; dependencyCheck=0; autowireCandidate=true; primary=false; factoryBeanName=org.springframework.boot.autoconfigure.web.WebMvcAutoConfiguration$WebMvcAutoConfigurationAdapter; factoryMethodName=beanNameViewResolver; initMethodName=null; destroyMethodName=(inferred); defined in class path resource [org/springframework/boot/autoconfigure/web/WebMvcAutoConfiguration$WebMvcAutoConfigurationAdapter.class]]
2016-01-19 10:51:30.814  INFO 317 --- [           main] trationDelegate$BeanPostProcessorChecker : Bean 'org.springframework.transaction.annotation.ProxyTransactionManagementConfiguration' of type [class org.springframework.transaction.annotation.ProxyTransactionManagementConfiguration$$EnhancerBySpringCGLIB$$9d2da22b] is not eligible for getting processed by all BeanPostProcessors (for example: not eligible for auto-proxying)
2016-01-19 10:51:30.953  INFO 317 --- [           main] j.LocalContainerEntityManagerFactoryBean : Building JPA container EntityManagerFactory for persistence unit 'default'
2016-01-19 10:51:30.953  INFO 317 --- [           main] o.hibernate.jpa.internal.util.LogHelper  : HHH000204: Processing PersistenceUnitInfo [
	name: default
	...]
2016-01-19 10:51:30.960  INFO 317 --- [           main] org.hibernate.dialect.Dialect            : HHH000400: Using dialect: org.hibernate.dialect.H2Dialect
2016-01-19 10:51:30.966  INFO 317 --- [           main] o.h.h.i.ast.ASTQueryTranslatorFactory    : HHH000397: Using ASTQueryTranslatorFactory
2016-01-19 10:51:30.985  INFO 317 --- [           main] org.hibernate.tool.hbm2ddl.SchemaExport  : HHH000227: Running hbm2ddl schema export
2016-01-19 10:51:30.986 DEBUG 317 --- [           main] org.hibernate.SQL                        : drop table city if exists
2016-01-19 10:51:30.986 DEBUG 317 --- [           main] org.hibernate.SQL                        : drop table hotel if exists
2016-01-19 10:51:30.986 DEBUG 317 --- [           main] org.hibernate.SQL                        : drop table review if exists
2016-01-19 10:51:30.986 DEBUG 317 --- [           main] org.hibernate.SQL                        : create table city (id bigint generated by default as identity, country varchar(255) not null, map varchar(255) not null, name varchar(255) not null, state varchar(255) not null, primary key (id))
2016-01-19 10:51:30.987 DEBUG 317 --- [           main] org.hibernate.SQL                        : create table hotel (id bigint generated by default as identity, address varchar(255) not null, name varchar(255) not null, zip varchar(255) not null, city_id bigint not null, primary key (id))
2016-01-19 10:51:30.988 DEBUG 317 --- [           main] org.hibernate.SQL                        : create table review (id bigint generated by default as identity, check_in_date date not null, details varchar(5000) not null, idx integer not null, rating integer not null, title varchar(255) not null, trip_type integer not null, hotel_id bigint not null, primary key (id))
2016-01-19 10:51:30.989 DEBUG 317 --- [           main] org.hibernate.SQL                        : alter table hotel add constraint UK_i80qjsl99gene06k3t31y3sv5 unique (city_id, name)
2016-01-19 10:51:30.990 DEBUG 317 --- [           main] org.hibernate.SQL                        : alter table hotel add constraint FK_ebnhbgdvramb6y5fnghsy4m5j foreign key (city_id) references city
2016-01-19 10:51:30.991 DEBUG 317 --- [           main] org.hibernate.SQL                        : alter table review add constraint FK_enrfjcbyjqi4im09sicf5if6g foreign key (hotel_id) references hotel
2016-01-19 10:51:31.010  INFO 317 --- [           main] org.hibernate.tool.hbm2ddl.SchemaExport  : HHH000230: Schema export complete
2016-01-19 10:51:31.012  WARN 317 --- [           main] o.h.j.i.EntityManagerFactoryRegistry     : HHH000436: Entity manager factory name (default) is already registered.  If entity manager will be clustered or passivated, specify a unique value for property 'hibernate.ejb.entitymanager_factory_name'
2016-01-19 10:51:31.447  INFO 317 --- [           main] s.w.s.m.m.a.RequestMappingHandlerAdapter : Looking for @ControllerAdvice: org.springframework.web.context.support.GenericWebApplicationContext@4130a648: startup date [Tue Jan 19 10:51:30 EST 2016]; root of context hierarchy
2016-01-19 10:51:31.509  INFO 317 --- [           main] s.w.s.m.m.a.RequestMappingHandlerMapping : Mapped "{[/]}" onto public java.lang.String sample.data.jpa.web.SampleController.helloWorld()
2016-01-19 10:51:31.511  INFO 317 --- [           main] s.w.s.m.m.a.RequestMappingHandlerMapping : Mapped "{[/error],produces=[text/html]}" onto public org.springframework.web.servlet.ModelAndView org.springframework.boot.autoconfigure.web.BasicErrorController.errorHtml(javax.servlet.http.HttpServletRequest,javax.servlet.http.HttpServletResponse)
2016-01-19 10:51:31.512  INFO 317 --- [           main] s.w.s.m.m.a.RequestMappingHandlerMapping : Mapped "{[/error]}" onto public org.springframework.http.ResponseEntity<java.util.Map<java.lang.String, java.lang.Object>> org.springframework.boot.autoconfigure.web.BasicErrorController.error(javax.servlet.http.HttpServletRequest)
2016-01-19 10:51:31.535  INFO 317 --- [           main] o.s.w.s.handler.SimpleUrlHandlerMapping  : Mapped URL path [/webjars/**] onto handler of type [class org.springframework.web.servlet.resource.ResourceHttpRequestHandler]
2016-01-19 10:51:31.535  INFO 317 --- [           main] o.s.w.s.handler.SimpleUrlHandlerMapping  : Mapped URL path [/**] onto handler of type [class org.springframework.web.servlet.resource.ResourceHttpRequestHandler]
2016-01-19 10:51:31.567  INFO 317 --- [           main] o.s.w.s.handler.SimpleUrlHandlerMapping  : Mapped URL path [/**/favicon.ico] onto handler of type [class org.springframework.web.servlet.resource.ResourceHttpRequestHandler]
2016-01-19 10:51:31.750  INFO 317 --- [           main] o.s.j.e.a.AnnotationMBeanExporter        : Registering beans for JMX exposure on startup
2016-01-19 10:51:31.751  INFO 317 --- [           main] o.s.j.e.a.AnnotationMBeanExporter        : Bean with name 'dataSourceMBean' has been autodetected for JMX exposure
2016-01-19 10:51:31.756  INFO 317 --- [           main] o.s.j.e.a.AnnotationMBeanExporter        : Located MBean 'dataSourceMBean': registering with JMX server as MBean [jpa.sample:name=dataSourceMBean,type=ConnectionPool]
2016-01-19 10:51:31.762  INFO 317 --- [           main] s.d.jpa.SampleDataJpaApplicationTests    : Started SampleDataJpaApplicationTests in 1.397 seconds (JVM running for 4.178)
2016-01-19 10:51:31.779  INFO 317 --- [           main] o.s.b.test.SpringBootMockServletContext  : Initializing Spring FrameworkServlet ''
2016-01-19 10:51:31.779  INFO 317 --- [           main] o.s.t.web.servlet.TestDispatcherServlet  : FrameworkServlet '': initialization started
2016-01-19 10:51:31.792  INFO 317 --- [           main] o.s.t.web.servlet.TestDispatcherServlet  : FrameworkServlet '': initialization completed in 13 ms
2016-01-19 10:51:31.794  INFO 317 --- [           main] o.s.b.test.SpringBootMockServletContext  : Initializing Spring FrameworkServlet ''
2016-01-19 10:51:31.795  INFO 317 --- [           main] o.s.t.web.servlet.TestDispatcherServlet  : FrameworkServlet '': initialization started
2016-01-19 10:51:31.796  INFO 317 --- [           main] o.s.t.web.servlet.TestDispatcherServlet  : FrameworkServlet '': initialization completed in 1 ms
2016-01-19 10:51:31.841 DEBUG 317 --- [           main] org.hibernate.SQL                        : select city0_.id as id1_0_, city0_.country as country2_0_, city0_.map as map3_0_, city0_.name as name4_0_, city0_.state as state5_0_ from city city0_ where upper(city0_.name)=upper(?) and upper(city0_.country)=upper(?)
Tests run: 2, Failures: 0, Errors: 0, Skipped: 0, Time elapsed: 1.502 sec - in sample.data.jpa.SampleDataJpaApplicationTests
2016-01-19 10:51:31.860  INFO 317 --- [       Thread-2] s.c.a.AnnotationConfigApplicationContext : Closing org.springframework.context.annotation.AnnotationConfigApplicationContext@4ec4f3a0: startup date [Tue Jan 19 10:51:28 EST 2016]; root of context hierarchy
2016-01-19 10:51:31.860  INFO 317 --- [       Thread-3] o.s.w.c.s.GenericWebApplicationContext   : Closing org.springframework.web.context.support.GenericWebApplicationContext@4130a648: startup date [Tue Jan 19 10:51:30 EST 2016]; root of context hierarchy
2016-01-19 10:51:31.863  INFO 317 --- [       Thread-3] o.s.j.e.a.AnnotationMBeanExporter        : Unregistering JMX-exposed beans on shutdown
2016-01-19 10:51:31.863  INFO 317 --- [       Thread-2] j.LocalContainerEntityManagerFactoryBean : Closing JPA EntityManagerFactory for persistence unit 'default'
2016-01-19 10:51:31.864  INFO 317 --- [       Thread-3] o.s.j.e.a.AnnotationMBeanExporter        : Unregistering JMX-exposed beans
2016-01-19 10:51:31.864  INFO 317 --- [       Thread-2] org.hibernate.tool.hbm2ddl.SchemaExport  : HHH000227: Running hbm2ddl schema export
2016-01-19 10:51:31.864 DEBUG 317 --- [       Thread-2] org.hibernate.SQL                        : drop table city if exists
2016-01-19 10:51:31.866 DEBUG 317 --- [       Thread-2] org.hibernate.SQL                        : drop table hotel if exists
2016-01-19 10:51:31.866  INFO 317 --- [       Thread-3] j.LocalContainerEntityManagerFactoryBean : Closing JPA EntityManagerFactory for persistence unit 'default'
2016-01-19 10:51:31.866  INFO 317 --- [       Thread-3] org.hibernate.tool.hbm2ddl.SchemaExport  : HHH000227: Running hbm2ddl schema export
2016-01-19 10:51:31.867 DEBUG 317 --- [       Thread-3] org.hibernate.SQL                        : drop table city if exists
2016-01-19 10:51:31.867 DEBUG 317 --- [       Thread-2] org.hibernate.SQL                        : drop table review if exists
2016-01-19 10:51:31.868  INFO 317 --- [       Thread-2] org.hibernate.tool.hbm2ddl.SchemaExport  : HHH000230: Schema export complete
2016-01-19 10:51:31.868 DEBUG 317 --- [       Thread-3] org.hibernate.SQL                        : drop table hotel if exists
2016-01-19 10:51:31.869 DEBUG 317 --- [       Thread-3] org.hibernate.SQL                        : drop table review if exists
2016-01-19 10:51:31.869  INFO 317 --- [       Thread-3] org.hibernate.tool.hbm2ddl.SchemaExport  : HHH000230: Schema export complete

Results :

Tests run: 4, Failures: 0, Errors: 0, Skipped: 0

[INFO] 
[INFO] --- maven-jar-plugin:2.5:jar (default-jar) @ spring-boot-sample-data-jpa ---
[INFO] Building jar: /media/truecrypt1/Projects/spring-boot/spring-boot-samples/spring-boot-sample-data-jpa/target/spring-boot-sample-data-jpa-1.3.2.BUILD-SNAPSHOT.jar
[INFO] 
[INFO] --- spring-boot-maven-plugin:1.3.2.BUILD-SNAPSHOT:repackage (default) @ spring-boot-sample-data-jpa ---
[INFO] ------------------------------------------------------------------------
[INFO] BUILD SUCCESS
[INFO] ------------------------------------------------------------------------
[INFO] Total time: 6.627 s
[INFO] Finished at: 2016-01-19T10:51:32-05:00
[INFO] Final Memory: 35M/437M
[INFO] ------------------------------------------------------------------------
